#
# A fatal error has been detected by the Java Runtime Environment:
#
#  EXCEPTION_ACCESS_VIOLATION (0xc0000005) at pc=0x00007ffcdb7a1d3b, pid=21996, tid=22720
#
# JRE version: OpenJDK Runtime Environment (16.0.2+7) (build 16.0.2+7-67)
# Java VM: OpenJDK 64-Bit Server VM (16.0.2+7-67, mixed mode, tiered, compressed oops, compressed class ptrs, g1 gc, windows-amd64)
# Problematic frame:
# C  [ig11icd64.dll+0x591d3b]
#
# No core dump will be written. Minidumps are not enabled by default on client versions of Windows
#
# If you would like to submit a bug report, please visit:
#   https://bugreport.java.com/bugreport/crash.jsp
#

---------------  S U M M A R Y ------------

Command Line: -Dfile.encoding=windows-1252 -Dstdout.encoding=windows-1252 -Dstderr.encoding=windows-1252 -XX:+ShowCodeDetailsInExceptionMessages render.Main

Host: Intel(R) Core(TM) i7-1065G7 CPU @ 1.30GHz, 8 cores, 11G,  Windows 10 , 64 bit Build 22621 (10.0.22621.2506)
Time: Thu Jan  4 00:04:58 2024 Pacific Standard Time elapsed time: 8.579652 seconds (0d 0h 0m 8s)

---------------  T H R E A D  ---------------

Current thread (0x000001794517d260):  VMThread "VM Thread" [stack: 0x00000005d2f00000,0x00000005d3000000] [id=22720]

Stack: [0x00000005d2f00000,0x00000005d3000000],  sp=0x00000005d2ffe930,  free space=1018k
Native frames: (J=compiled Java code, j=interpreted, Vv=VM code, C=native code)
C  [ig11icd64.dll+0x591d3b]


siginfo: EXCEPTION_ACCESS_VIOLATION (0xc0000005), reading address 0x00000000000351b8


Register to memory mapping:

RIP=0x00007ffcdb7a1d3b ig11icd64.dll
RAX=0x0000017951307738 points into unknown readable memory: 0x000000000001d968 | 68 d9 01 00 00 00 00 00
RBX=0x0000017951307590 points into unknown readable memory: 0x00000179464ac610 | 10 c6 4a 46 79 01 00 00
RCX=0x0 is NULL
RDX=0x0000017951307658 points into unknown readable memory: 0x0000000000000000 | 00 00 00 00 00 00 00 00
RSP=0x00000005d2ffe930 points into unknown readable memory: 0x000001794674eff0 | f0 ef 74 46 79 01 00 00
RBP=0x00000179517b8fa0 points into unknown readable memory: 0x00000179464ac610 | 10 c6 4a 46 79 01 00 00
RSI=0x0000017951307a20 points into unknown readable memory: 0x00000179517b8fa0 | a0 8f 7b 51 79 01 00 00
RDI=0x0000017947e91600 points into unknown readable memory: 0x0000000000000000 | 00 00 00 00 00 00 00 00
R8 =0x0000000000000030 is an unknown value
R9 =0x0 is NULL
R10=0x0 is NULL
R11=0x0000000000000246 is an unknown value
R12=0x0 is NULL
R13=0x0 is NULL
R14=0x0 is NULL
R15=0x0 is NULL


Registers:
RAX=0x0000017951307738, RBX=0x0000017951307590, RCX=0x0000000000000000, RDX=0x0000017951307658
RSP=0x00000005d2ffe930, RBP=0x00000179517b8fa0, RSI=0x0000017951307a20, RDI=0x0000017947e91600
R8 =0x0000000000000030, R9 =0x0000000000000000, R10=0x0000000000000000, R11=0x0000000000000246
R12=0x0000000000000000, R13=0x0000000000000000, R14=0x0000000000000000, R15=0x0000000000000000
RIP=0x00007ffcdb7a1d3b, EFLAGS=0x0000000000010202

Top of Stack: (sp=0x00000005d2ffe930)
0x00000005d2ffe930:   000001794674eff0 02ae83a5028d6ba5
0x00000005d2ffe940:   00000005d2ffe978 0000005400000000
0x00000005d2ffe950:   00007ffcdc1504d0 000000000001dd67
0x00000005d2ffe960:   0000017950be5290 00000000000000b0
0x00000005d2ffe970:   0000000000000000 00007ffcdb783acd
0x00000005d2ffe980:   000001794674eff0 0000017947e91600
0x00000005d2ffe990:   00000005d2ffea80 0000000000000000
0x00000005d2ffe9a0:   00000000000008a8 0000000000000000
0x00000005d2ffe9b0:   0191e6ae02cdddae 000001794bc00000
0x00000005d2ffe9c0:   000001794bc00000 0000017950be8360
0x00000005d2ffe9d0:   000080041831c000 0000017950bb00c0
0x00000005d2ffe9e0:   0000a3cdf101bc0d 00007ffcdb79fd7e
0x00000005d2ffe9f0:   0000017950be49c0 0000000000000000
0x00000005d2ffea00:   0000017950be8360 00007ffcdb235c28
0x00000005d2ffea10:   00000005d2ffead0 0000017950be8368
0x00000005d2ffea20:   0000b802034c0000 00000000000008a8 

Instructions: (pc=0x00007ffcdb7a1d3b)
0x00007ffcdb7a1c3b:   38 24 01 75 05 e8 23 2d f9 ff 65 48 8b 04 25 58
0x00007ffcdb7a1c4b:   00 00 00 41 be 08 00 00 00 48 8b 04 30 4d 8b 34
0x00007ffcdb7a1c5b:   06 48 85 ed 0f 84 74 03 00 00 66 66 66 0f 1f 84
0x00007ffcdb7a1c6b:   00 00 00 00 00 48 8b dd 48 8d b5 90 04 00 00 48
0x00007ffcdb7a1c7b:   8b 2e 45 84 ff 74 1d 48 8b 0b 48 8b d3 80 bb e2
0x00007ffcdb7a1c8b:   04 00 00 00 0f 85 f7 02 00 00 e8 e6 6d fe ff e9
0x00007ffcdb7a1c9b:   f9 02 00 00 8b 8f d0 01 00 00 48 8b 05 04 60 8b
0x00007ffcdb7a1cab:   00 83 b8 7c 03 00 00 02 0f 85 f6 00 00 00 48 8d
0x00007ffcdb7a1cbb:   93 c8 00 00 00 83 f9 10 73 06 48 6b c1 38 eb 5a
0x00007ffcdb7a1ccb:   44 8d 41 f0 41 8b c0 c1 e8 04 83 f8 03 73 20 0f
0x00007ffcdb7a1cdb:   ae e8 41 83 e0 0f 4c 8b 8c c2 80 03 00 00 4d 85
0x00007ffcdb7a1ceb:   c9 74 25 41 8b c0 48 6b c0 38 49 03 c1 eb 2e 48
0x00007ffcdb7a1cfb:   8b 82 98 03 00 00 48 85 c0 74 0d 39 08 74 29 48
0x00007ffcdb7a1d0b:   8b 40 40 48 85 c0 75 f3 80 ba a0 03 00 00 00 74
0x00007ffcdb7a1d1b:   1d 8b c1 83 e0 0f 48 6b c0 38 48 03 c2 48 85 c0
0x00007ffcdb7a1d2b:   74 0c 48 8b 48 08 eb 08 48 83 c0 08 eb ef 33 c9
0x00007ffcdb7a1d3b:   49 3b 8e b8 51 03 00 76 6b 48 8b 87 80 02 00 00
0x00007ffcdb7a1d4b:   48 89 06 48 89 9f 80 02 00 00 ff 87 88 02 00 00
0x00007ffcdb7a1d5b:   48 8b 4b 08 48 8b 01 ba 01 00 00 00 48 8b 80 e0
0x00007ffcdb7a1d6b:   02 00 00 ff 15 8c 28 58 00 0f b7 c8 48 2b c1 48
0x00007ffcdb7a1d7b:   05 00 00 01 00 48 01 87 90 02 00 00 48 8b 4b 08
0x00007ffcdb7a1d8b:   48 8b 01 ba 01 00 00 00 48 8b 80 e0 02 00 00 ff
0x00007ffcdb7a1d9b:   15 60 28 58 00 48 01 87 a0 02 00 00 41 b4 01 e9
0x00007ffcdb7a1dab:   e9 01 00 00 44 8b 9f d0 01 00 00 48 8b 87 e8 01
0x00007ffcdb7a1dbb:   00 00 4c 8b 10 8b 8f d0 01 00 00 48 8d 93 c8 00
0x00007ffcdb7a1dcb:   00 00 83 f9 10 73 06 48 6b c1 38 eb 5a 44 8d 41
0x00007ffcdb7a1ddb:   f0 41 8b c0 c1 e8 04 83 f8 03 73 20 0f ae e8 41
0x00007ffcdb7a1deb:   83 e0 0f 4c 8b 8c c2 80 03 00 00 4d 85 c9 74 25
0x00007ffcdb7a1dfb:   41 8b c0 48 6b c0 38 49 03 c1 eb 2e 48 8b 82 98
0x00007ffcdb7a1e0b:   03 00 00 48 85 c0 74 0d 39 08 74 3e 48 8b 40 40
0x00007ffcdb7a1e1b:   48 85 c0 75 f3 80 ba a0 03 00 00 00 74 1b 8b c1
0x00007ffcdb7a1e2b:   83 e0 0f 48 6b c0 38 48 03 c2 48 85 c0 74 0a 4c 


Stack slot to memory mapping:
stack at sp + 0 slots: 0x000001794674eff0 points into unknown readable memory: 0xffffffffffffffff | ff ff ff ff ff ff ff ff
stack at sp + 1 slots: 0x02ae83a5028d6ba5 is an unknown value
stack at sp + 2 slots: 0x00000005d2ffe978 points into unknown readable memory: 0x00007ffcdb783acd | cd 3a 78 db fc 7f 00 00
stack at sp + 3 slots: 0x0000005400000000 is an unknown value
stack at sp + 4 slots: 0x00007ffcdc1504d0 ig11icd64.dll
stack at sp + 5 slots: 0x000000000001dd67 is an unknown value
stack at sp + 6 slots: 0x0000017950be5290 points into unknown readable memory: 0x0000000000000000 | 00 00 00 00 00 00 00 00
stack at sp + 7 slots: 0x00000000000000b0 is an unknown value

VM_Operation (0x00000005d4dfe620): Exit, mode: safepoint, requested by thread 0x0000017948211080


---------------  P R O C E S S  ---------------

Threads class SMR info:
_java_thread_list=0x00000179514b6dc0, length=17, elements={
0x0000017945c15430, 0x0000017945c16030, 0x000001794518b7b0, 0x000001794518c0c0,
0x0000017945c3d190, 0x0000017945c3d6b0, 0x0000017945c3e7f0, 0x0000017945c427e0,
0x0000017945c43a30, 0x0000017945dd0ed0, 0x0000017945ddcf60, 0x0000017945ffe120,
0x0000017948210b30, 0x0000017948211080, 0x0000017948212b10, 0x0000017948212070,
0x00000179482105e0
}

Java Threads: ( => current thread )
  0x0000017945c15430 JavaThread "Reference Handler" daemon [_thread_blocked, id=4472, stack(0x00000005d3000000,0x00000005d3100000)]
  0x0000017945c16030 JavaThread "Finalizer" daemon [_thread_blocked, id=21880, stack(0x00000005d3100000,0x00000005d3200000)]
  0x000001794518b7b0 JavaThread "Signal Dispatcher" daemon [_thread_blocked, id=10740, stack(0x00000005d3200000,0x00000005d3300000)]
  0x000001794518c0c0 JavaThread "Attach Listener" daemon [_thread_blocked, id=23140, stack(0x00000005d3300000,0x00000005d3400000)]
  0x0000017945c3d190 JavaThread "Service Thread" daemon [_thread_blocked, id=21912, stack(0x00000005d3400000,0x00000005d3500000)]
  0x0000017945c3d6b0 JavaThread "Monitor Deflation Thread" daemon [_thread_blocked, id=22620, stack(0x00000005d3500000,0x00000005d3600000)]
  0x0000017945c3e7f0 JavaThread "C2 CompilerThread0" daemon [_thread_blocked, id=19552, stack(0x00000005d3600000,0x00000005d3700000)]
  0x0000017945c427e0 JavaThread "C1 CompilerThread0" daemon [_thread_blocked, id=20188, stack(0x00000005d3700000,0x00000005d3800000)]
  0x0000017945c43a30 JavaThread "Sweeper thread" daemon [_thread_blocked, id=14592, stack(0x00000005d3800000,0x00000005d3900000)]
  0x0000017945dd0ed0 JavaThread "Notification Thread" daemon [_thread_blocked, id=5576, stack(0x00000005d3900000,0x00000005d3a00000)]
  0x0000017945ddcf60 JavaThread "Common-Cleaner" daemon [_thread_blocked, id=18680, stack(0x00000005d3b00000,0x00000005d3c00000)]
  0x0000017945ffe120 JavaThread "Java2D Disposer" daemon [_thread_blocked, id=14060, stack(0x00000005d3c00000,0x00000005d3d00000)]
  0x0000017948210b30 JavaThread "HighResTimerThread" daemon [_thread_blocked, id=17696, stack(0x00000005d3f00000,0x00000005d4000000)]
  0x0000017948211080 JavaThread "main-FPSAWTAnimator#00-Timer0" [_thread_blocked, id=19656, stack(0x00000005d4d00000,0x00000005d4e00000)]
  0x0000017948212b10 JavaThread "DestroyJavaVM" [_thread_blocked, id=2680, stack(0x00000005d2900000,0x00000005d2a00000)]
  0x0000017948212070 JavaThread "Image Fetcher 0" daemon [_thread_blocked, id=22640, stack(0x00000005d5000000,0x00000005d5100000)]
  0x00000179482105e0 JavaThread "AWT-Shutdown" [_thread_blocked, id=21824, stack(0x00000005d5400000,0x00000005d5500000)]

Other Threads:
=>0x000001794517d260 VMThread "VM Thread" [stack: 0x00000005d2f00000,0x00000005d3000000] [id=22720]
  0x0000017926ef0b70 GCTaskThread "GC Thread#0" [stack: 0x00000005d2a00000,0x00000005d2b00000] [id=15512]
  0x00000179482f53f0 GCTaskThread "GC Thread#1" [stack: 0x00000005d4600000,0x00000005d4700000] [id=13936]
  0x00000179482f5700 GCTaskThread "GC Thread#2" [stack: 0x00000005d4700000,0x00000005d4800000] [id=21468]
  0x00000179482f5a10 GCTaskThread "GC Thread#3" [stack: 0x00000005d4800000,0x00000005d4900000] [id=10372]
  0x00000179482f5d20 GCTaskThread "GC Thread#4" [stack: 0x00000005d4900000,0x00000005d4a00000] [id=22340]
  0x00000179482f6030 GCTaskThread "GC Thread#5" [stack: 0x00000005d4a00000,0x00000005d4b00000] [id=23080]
  0x0000017948330770 GCTaskThread "GC Thread#6" [stack: 0x00000005d4b00000,0x00000005d4c00000] [id=18980]
  0x0000017926efd840 ConcurrentGCThread "G1 Main Marker" terminated
  0x0000017926efe2b0 ConcurrentGCThread "G1 Conc#0" [stack: 0x00000005d2c00000,0x00000005d2d00000] [id=19368]
  0x0000017926f6e4e0 ConcurrentGCThread "G1 Refine#0" terminated
  0x0000017944fd04a0 ConcurrentGCThread "G1 Service" terminated

Threads with active compile tasks:

VM state: at safepoint (shutting down)

VM Mutex/Monitor currently owned by a thread:  ([mutex/lock_event])
[0x0000017926ea7c60] Threads_lock - owner thread: 0x000001794517d260
[0x0000017926ea8290] Heap_lock - owner thread: 0x0000017948211080

Heap address: 0x0000000743600000, size: 3018 MB, Compressed Oops mode: Zero based, Oop shift amount: 3

CDS disabled.
Compressed class space mapped at: 0x0000000800000000-0x0000000840000000, reserved size: 1073741824
Narrow klass base: 0x0000000800000000, Narrow klass shift: 0, Narrow klass range: 0x40000000

GC Precious Log:
 CPUs: 8 total, 8 available
 Memory: 12065M
 Large Page Support: Disabled
 NUMA Support: Disabled
 Compressed Oops: Enabled (Zero based)
 Heap Region Size: 2M
 Heap Min Capacity: 8M
 Heap Initial Capacity: 190M
 Heap Max Capacity: 3018M
 Pre-touch: Disabled
 Parallel Workers: 8
 Concurrent Workers: 2
 Concurrent Refinement Workers: 8
 Periodic GC: Disabled

Heap:
 garbage-first heap   total 194560K, used 22708K [0x0000000743600000, 0x0000000800000000)
  region size 2048K, 13 young (26624K), 2 survivors (4096K)
 Metaspace       used 20808K, committed 20992K, reserved 1073152K
  class space    used 1628K, committed 1728K, reserved 1048576K

Heap Regions: E=young(eden), S=young(survivor), O=old, HS=humongous(starts), HC=humongous(continues), CS=collection set, F=free, OA=open archive, CA=closed archive, TAMS=top-at-mark-start (previous, next)
|   0|0x0000000743600000, 0x0000000743600000, 0x0000000743800000|  0%| F|  |TAMS 0x0000000743600000, 0x0000000743600000| Untracked 
|   1|0x0000000743800000, 0x0000000743800000, 0x0000000743a00000|  0%| F|  |TAMS 0x0000000743800000, 0x0000000743800000| Untracked 
|   2|0x0000000743a00000, 0x0000000743a00000, 0x0000000743c00000|  0%| F|  |TAMS 0x0000000743a00000, 0x0000000743a00000| Untracked 
|   3|0x0000000743c00000, 0x0000000743c00000, 0x0000000743e00000|  0%| F|  |TAMS 0x0000000743c00000, 0x0000000743c00000| Untracked 
|   4|0x0000000743e00000, 0x0000000743e00000, 0x0000000744000000|  0%| F|  |TAMS 0x0000000743e00000, 0x0000000743e00000| Untracked 
|   5|0x0000000744000000, 0x0000000744000000, 0x0000000744200000|  0%| F|  |TAMS 0x0000000744000000, 0x0000000744000000| Untracked 
|   6|0x0000000744200000, 0x0000000744200000, 0x0000000744400000|  0%| F|  |TAMS 0x0000000744200000, 0x0000000744200000| Untracked 
|   7|0x0000000744400000, 0x0000000744400000, 0x0000000744600000|  0%| F|  |TAMS 0x0000000744400000, 0x0000000744400000| Untracked 
|   8|0x0000000744600000, 0x0000000744600000, 0x0000000744800000|  0%| F|  |TAMS 0x0000000744600000, 0x0000000744600000| Untracked 
|   9|0x0000000744800000, 0x0000000744800000, 0x0000000744a00000|  0%| F|  |TAMS 0x0000000744800000, 0x0000000744800000| Untracked 
|  10|0x0000000744a00000, 0x0000000744a00000, 0x0000000744c00000|  0%| F|  |TAMS 0x0000000744a00000, 0x0000000744a00000| Untracked 
|  11|0x0000000744c00000, 0x0000000744c00000, 0x0000000744e00000|  0%| F|  |TAMS 0x0000000744c00000, 0x0000000744c00000| Untracked 
|  12|0x0000000744e00000, 0x0000000744e00000, 0x0000000745000000|  0%| F|  |TAMS 0x0000000744e00000, 0x0000000744e00000| Untracked 
|  13|0x0000000745000000, 0x0000000745000000, 0x0000000745200000|  0%| F|  |TAMS 0x0000000745000000, 0x0000000745000000| Untracked 
|  14|0x0000000745200000, 0x0000000745200000, 0x0000000745400000|  0%| F|  |TAMS 0x0000000745200000, 0x0000000745200000| Untracked 
|  15|0x0000000745400000, 0x0000000745400000, 0x0000000745600000|  0%| F|  |TAMS 0x0000000745400000, 0x0000000745400000| Untracked 
|  16|0x0000000745600000, 0x0000000745600000, 0x0000000745800000|  0%| F|  |TAMS 0x0000000745600000, 0x0000000745600000| Untracked 
|  17|0x0000000745800000, 0x0000000745800000, 0x0000000745a00000|  0%| F|  |TAMS 0x0000000745800000, 0x0000000745800000| Untracked 
|  18|0x0000000745a00000, 0x0000000745a00000, 0x0000000745c00000|  0%| F|  |TAMS 0x0000000745a00000, 0x0000000745a00000| Untracked 
|  19|0x0000000745c00000, 0x0000000745c00000, 0x0000000745e00000|  0%| F|  |TAMS 0x0000000745c00000, 0x0000000745c00000| Untracked 
|  20|0x0000000745e00000, 0x0000000745e00000, 0x0000000746000000|  0%| F|  |TAMS 0x0000000745e00000, 0x0000000745e00000| Untracked 
|  21|0x0000000746000000, 0x0000000746000000, 0x0000000746200000|  0%| F|  |TAMS 0x0000000746000000, 0x0000000746000000| Untracked 
|  22|0x0000000746200000, 0x0000000746200000, 0x0000000746400000|  0%| F|  |TAMS 0x0000000746200000, 0x0000000746200000| Untracked 
|  23|0x0000000746400000, 0x0000000746400000, 0x0000000746600000|  0%| F|  |TAMS 0x0000000746400000, 0x0000000746400000| Untracked 
|  24|0x0000000746600000, 0x0000000746600000, 0x0000000746800000|  0%| F|  |TAMS 0x0000000746600000, 0x0000000746600000| Untracked 
|  25|0x0000000746800000, 0x0000000746800000, 0x0000000746a00000|  0%| F|  |TAMS 0x0000000746800000, 0x0000000746800000| Untracked 
|  26|0x0000000746a00000, 0x0000000746a00000, 0x0000000746c00000|  0%| F|  |TAMS 0x0000000746a00000, 0x0000000746a00000| Untracked 
|  27|0x0000000746c00000, 0x0000000746c00000, 0x0000000746e00000|  0%| F|  |TAMS 0x0000000746c00000, 0x0000000746c00000| Untracked 
|  28|0x0000000746e00000, 0x0000000746e00000, 0x0000000747000000|  0%| F|  |TAMS 0x0000000746e00000, 0x0000000746e00000| Untracked 
|  29|0x0000000747000000, 0x0000000747000000, 0x0000000747200000|  0%| F|  |TAMS 0x0000000747000000, 0x0000000747000000| Untracked 
|  30|0x0000000747200000, 0x0000000747200000, 0x0000000747400000|  0%| F|  |TAMS 0x0000000747200000, 0x0000000747200000| Untracked 
|  31|0x0000000747400000, 0x0000000747400000, 0x0000000747600000|  0%| F|  |TAMS 0x0000000747400000, 0x0000000747400000| Untracked 
|  32|0x0000000747600000, 0x0000000747600000, 0x0000000747800000|  0%| F|  |TAMS 0x0000000747600000, 0x0000000747600000| Untracked 
|  33|0x0000000747800000, 0x0000000747800000, 0x0000000747a00000|  0%| F|  |TAMS 0x0000000747800000, 0x0000000747800000| Untracked 
|  34|0x0000000747a00000, 0x0000000747a00000, 0x0000000747c00000|  0%| F|  |TAMS 0x0000000747a00000, 0x0000000747a00000| Untracked 
|  35|0x0000000747c00000, 0x0000000747c00000, 0x0000000747e00000|  0%| F|  |TAMS 0x0000000747c00000, 0x0000000747c00000| Untracked 
|  36|0x0000000747e00000, 0x0000000747e00000, 0x0000000748000000|  0%| F|  |TAMS 0x0000000747e00000, 0x0000000747e00000| Untracked 
|  37|0x0000000748000000, 0x0000000748000000, 0x0000000748200000|  0%| F|  |TAMS 0x0000000748000000, 0x0000000748000000| Untracked 
|  38|0x0000000748200000, 0x0000000748200000, 0x0000000748400000|  0%| F|  |TAMS 0x0000000748200000, 0x0000000748200000| Untracked 
|  39|0x0000000748400000, 0x0000000748400000, 0x0000000748600000|  0%| F|  |TAMS 0x0000000748400000, 0x0000000748400000| Untracked 
|  40|0x0000000748600000, 0x0000000748600000, 0x0000000748800000|  0%| F|  |TAMS 0x0000000748600000, 0x0000000748600000| Untracked 
|  41|0x0000000748800000, 0x0000000748800000, 0x0000000748a00000|  0%| F|  |TAMS 0x0000000748800000, 0x0000000748800000| Untracked 
|  42|0x0000000748a00000, 0x0000000748a00000, 0x0000000748c00000|  0%| F|  |TAMS 0x0000000748a00000, 0x0000000748a00000| Untracked 
|  43|0x0000000748c00000, 0x0000000748c00000, 0x0000000748e00000|  0%| F|  |TAMS 0x0000000748c00000, 0x0000000748c00000| Untracked 
|  44|0x0000000748e00000, 0x0000000748e00000, 0x0000000749000000|  0%| F|  |TAMS 0x0000000748e00000, 0x0000000748e00000| Untracked 
|  45|0x0000000749000000, 0x0000000749000000, 0x0000000749200000|  0%| F|  |TAMS 0x0000000749000000, 0x0000000749000000| Untracked 
|  46|0x0000000749200000, 0x0000000749200000, 0x0000000749400000|  0%| F|  |TAMS 0x0000000749200000, 0x0000000749200000| Untracked 
|  47|0x0000000749400000, 0x0000000749400000, 0x0000000749600000|  0%| F|  |TAMS 0x0000000749400000, 0x0000000749400000| Untracked 
|  48|0x0000000749600000, 0x0000000749600000, 0x0000000749800000|  0%| F|  |TAMS 0x0000000749600000, 0x0000000749600000| Untracked 
|  49|0x0000000749800000, 0x0000000749800000, 0x0000000749a00000|  0%| F|  |TAMS 0x0000000749800000, 0x0000000749800000| Untracked 
|  50|0x0000000749a00000, 0x0000000749a00000, 0x0000000749c00000|  0%| F|  |TAMS 0x0000000749a00000, 0x0000000749a00000| Untracked 
|  51|0x0000000749c00000, 0x0000000749c00000, 0x0000000749e00000|  0%| F|  |TAMS 0x0000000749c00000, 0x0000000749c00000| Untracked 
|  52|0x0000000749e00000, 0x0000000749e00000, 0x000000074a000000|  0%| F|  |TAMS 0x0000000749e00000, 0x0000000749e00000| Untracked 
|  53|0x000000074a000000, 0x000000074a000000, 0x000000074a200000|  0%| F|  |TAMS 0x000000074a000000, 0x000000074a000000| Untracked 
|  54|0x000000074a200000, 0x000000074a200000, 0x000000074a400000|  0%| F|  |TAMS 0x000000074a200000, 0x000000074a200000| Untracked 
|  55|0x000000074a400000, 0x000000074a400000, 0x000000074a600000|  0%| F|  |TAMS 0x000000074a400000, 0x000000074a400000| Untracked 
|  56|0x000000074a600000, 0x000000074a600000, 0x000000074a800000|  0%| F|  |TAMS 0x000000074a600000, 0x000000074a600000| Untracked 
|  57|0x000000074a800000, 0x000000074a800000, 0x000000074aa00000|  0%| F|  |TAMS 0x000000074a800000, 0x000000074a800000| Untracked 
|  58|0x000000074aa00000, 0x000000074aa00000, 0x000000074ac00000|  0%| F|  |TAMS 0x000000074aa00000, 0x000000074aa00000| Untracked 
|  59|0x000000074ac00000, 0x000000074ac00000, 0x000000074ae00000|  0%| F|  |TAMS 0x000000074ac00000, 0x000000074ac00000| Untracked 
|  60|0x000000074ae00000, 0x000000074ae00000, 0x000000074b000000|  0%| F|  |TAMS 0x000000074ae00000, 0x000000074ae00000| Untracked 
|  61|0x000000074b000000, 0x000000074b000000, 0x000000074b200000|  0%| F|  |TAMS 0x000000074b000000, 0x000000074b000000| Untracked 
|  62|0x000000074b200000, 0x000000074b200000, 0x000000074b400000|  0%| F|  |TAMS 0x000000074b200000, 0x000000074b200000| Untracked 
|  63|0x000000074b400000, 0x000000074b400000, 0x000000074b600000|  0%| F|  |TAMS 0x000000074b400000, 0x000000074b400000| Untracked 
|  64|0x000000074b600000, 0x000000074b600000, 0x000000074b800000|  0%| F|  |TAMS 0x000000074b600000, 0x000000074b600000| Untracked 
|  65|0x000000074b800000, 0x000000074b800000, 0x000000074ba00000|  0%| F|  |TAMS 0x000000074b800000, 0x000000074b800000| Untracked 
|  66|0x000000074ba00000, 0x000000074ba00000, 0x000000074bc00000|  0%| F|  |TAMS 0x000000074ba00000, 0x000000074ba00000| Untracked 
|  67|0x000000074bc00000, 0x000000074bc00000, 0x000000074be00000|  0%| F|  |TAMS 0x000000074bc00000, 0x000000074bc00000| Untracked 
|  68|0x000000074be00000, 0x000000074be00000, 0x000000074c000000|  0%| F|  |TAMS 0x000000074be00000, 0x000000074be00000| Untracked 
|  69|0x000000074c000000, 0x000000074c000000, 0x000000074c200000|  0%| F|  |TAMS 0x000000074c000000, 0x000000074c000000| Untracked 
|  70|0x000000074c200000, 0x000000074c200000, 0x000000074c400000|  0%| F|  |TAMS 0x000000074c200000, 0x000000074c200000| Untracked 
|  71|0x000000074c400000, 0x000000074c400000, 0x000000074c600000|  0%| F|  |TAMS 0x000000074c400000, 0x000000074c400000| Untracked 
|  72|0x000000074c600000, 0x000000074c600000, 0x000000074c800000|  0%| F|  |TAMS 0x000000074c600000, 0x000000074c600000| Untracked 
|  73|0x000000074c800000, 0x000000074c800000, 0x000000074ca00000|  0%| F|  |TAMS 0x000000074c800000, 0x000000074c800000| Untracked 
|  74|0x000000074ca00000, 0x000000074ca00000, 0x000000074cc00000|  0%| F|  |TAMS 0x000000074ca00000, 0x000000074ca00000| Untracked 
|  75|0x000000074cc00000, 0x000000074cc00000, 0x000000074ce00000|  0%| F|  |TAMS 0x000000074cc00000, 0x000000074cc00000| Untracked 
|  76|0x000000074ce00000, 0x000000074ce00000, 0x000000074d000000|  0%| F|  |TAMS 0x000000074ce00000, 0x000000074ce00000| Untracked 
|  77|0x000000074d000000, 0x000000074d000000, 0x000000074d200000|  0%| F|  |TAMS 0x000000074d000000, 0x000000074d000000| Untracked 
|  78|0x000000074d200000, 0x000000074d200000, 0x000000074d400000|  0%| F|  |TAMS 0x000000074d200000, 0x000000074d200000| Untracked 
|  79|0x000000074d400000, 0x000000074d400000, 0x000000074d600000|  0%| F|  |TAMS 0x000000074d400000, 0x000000074d400000| Untracked 
|  80|0x000000074d600000, 0x000000074d600000, 0x000000074d800000|  0%| F|  |TAMS 0x000000074d600000, 0x000000074d600000| Untracked 
|  81|0x000000074d800000, 0x000000074d800000, 0x000000074da00000|  0%| F|  |TAMS 0x000000074d800000, 0x000000074d800000| Untracked 
|  82|0x000000074da00000, 0x000000074da2d100, 0x000000074dc00000|  8%| S|CS|TAMS 0x000000074da00000, 0x000000074da00000| Complete 
|  83|0x000000074dc00000, 0x000000074de00000, 0x000000074de00000|100%| S|CS|TAMS 0x000000074dc00000, 0x000000074dc00000| Complete 
|  84|0x000000074de00000, 0x000000074debe800, 0x000000074e000000| 37%| E|  |TAMS 0x000000074de00000, 0x000000074de00000| Complete 
|  85|0x000000074e000000, 0x000000074e200000, 0x000000074e200000|100%| E|CS|TAMS 0x000000074e000000, 0x000000074e000000| Complete 
|  86|0x000000074e200000, 0x000000074e400000, 0x000000074e400000|100%| E|CS|TAMS 0x000000074e200000, 0x000000074e200000| Complete 
|  87|0x000000074e400000, 0x000000074e600000, 0x000000074e600000|100%| E|CS|TAMS 0x000000074e400000, 0x000000074e400000| Complete 
|  88|0x000000074e600000, 0x000000074e800000, 0x000000074e800000|100%| E|CS|TAMS 0x000000074e600000, 0x000000074e600000| Complete 
|  89|0x000000074e800000, 0x000000074ea00000, 0x000000074ea00000|100%| E|CS|TAMS 0x000000074e800000, 0x000000074e800000| Complete 
|  90|0x000000074ea00000, 0x000000074ec00000, 0x000000074ec00000|100%| E|CS|TAMS 0x000000074ea00000, 0x000000074ea00000| Complete 
|  91|0x000000074ec00000, 0x000000074ee00000, 0x000000074ee00000|100%| E|CS|TAMS 0x000000074ec00000, 0x000000074ec00000| Complete 
|  92|0x000000074ee00000, 0x000000074f000000, 0x000000074f000000|100%| E|CS|TAMS 0x000000074ee00000, 0x000000074ee00000| Complete 
|  93|0x000000074f000000, 0x000000074f200000, 0x000000074f200000|100%| E|CS|TAMS 0x000000074f000000, 0x000000074f000000| Complete 
|  94|0x000000074f200000, 0x000000074f400000, 0x000000074f400000|100%| E|CS|TAMS 0x000000074f200000, 0x000000074f200000| Complete 

Card table byte_map: [0x000001793bc60000,0x000001793c250000] _byte_map_base: 0x0000017938245000

Marking Bits (Prev, Next): (CMBitMap*) 0x0000017926ef11e0, (CMBitMap*) 0x0000017926ef1220
 Prev Bits: [0x000001793c840000, 0x000001793f768000)
 Next Bits: [0x000001793f770000, 0x0000017942698000)

Polling page: 0x0000017926f70000

Metaspace:

Usage:
  Non-class:     18.73 MB used.
      Class:      1.59 MB used.
       Both:     20.32 MB used.

Virtual space:
  Non-class space:       24.00 MB reserved,      18.81 MB ( 78%) committed,  3 nodes.
      Class space:        1.00 GB reserved,       1.69 MB ( <1%) committed,  1 nodes.
              Both:        1.02 GB reserved,      20.50 MB (  2%) committed. 

Chunk freelists:
   Non-Class:  656.00 KB
       Class:  2.13 MB
        Both:  2.77 MB

MaxMetaspaceSize: 17179869184.00 GB
CompressedClassSpaceSize: 1.00 GB
 - commit_granule_bytes: 65536.
 - commit_granule_words: 8192.
 - virtual_space_node_default_size: 1048576.
 - enlarge_chunks_in_place: 1.
 - new_chunks_are_fully_committed: 0.
 - uncommit_free_chunks: 1.
 - use_allocation_guard: 0.
 - handle_deallocations: 1.


Internal statistics:

num_allocs_failed_limit: 0.
num_arena_births: 148.
num_arena_deaths: 0.
num_vsnodes_births: 4.
num_vsnodes_deaths: 0.
num_space_committed: 324.
num_space_uncommitted: 0.
num_chunks_returned_to_freelist: 0.
num_chunks_taken_from_freelist: 447.
num_chunk_merges: 0.
num_chunk_splits: 329.
num_chunks_enlarged: 253.
num_purges: 0.

CodeHeap 'non-profiled nmethods': size=120000Kb used=573Kb max_used=573Kb free=119426Kb
 bounds [0x00000179336b0000, 0x0000017933920000, 0x000001793abe0000]
CodeHeap 'profiled nmethods': size=120000Kb used=2847Kb max_used=2847Kb free=117152Kb
 bounds [0x000001792c180000, 0x000001792c450000, 0x00000179336b0000]
CodeHeap 'non-nmethods': size=5760Kb used=1567Kb max_used=1592Kb free=4192Kb
 bounds [0x000001792bbe0000, 0x000001792be50000, 0x000001792c180000]
 total_blobs=2504 nmethods=1541 adapters=876
 compilation: enabled
              stopped_count=0, restarted_count=0
 full_count=0

Compilation events (20 events):
Event: 4.696 Thread 0x0000017945c427e0 1530       3       processing.opengl.PGL::updateFloatBuffer (106 bytes)
Event: 4.697 Thread 0x0000017945c427e0 nmethod 1530 0x000001792c441510 code [0x000001792c4417e0, 0x000001792c442618]
Event: 4.778 Thread 0x0000017945c427e0 1532       3       processing.opengl.PSurfaceJOGL::getPixelScale (27 bytes)
Event: 4.778 Thread 0x0000017945c427e0 nmethod 1532 0x000001792c442b90 code [0x000001792c442da0, 0x000001792c443108]
Event: 4.811 Thread 0x0000017945c427e0 1533       3       processing.core.PGraphics::text (171 bytes)
Event: 4.811 Thread 0x0000017945c427e0 nmethod 1533 0x000001792c443290 code [0x000001792c4434e0, 0x000001792c443dc8]
Event: 4.878 Thread 0x0000017945c427e0 1534       3       java.nio.ShortBuffer::position (8 bytes)
Event: 4.878 Thread 0x0000017945c427e0 nmethod 1534 0x000001792c444090 code [0x000001792c444240, 0x000001792c444388]
Event: 4.944 Thread 0x0000017945c427e0 1535       3       processing.opengl.PShader::init (75 bytes)
Event: 4.945 Thread 0x0000017945c427e0 nmethod 1535 0x000001792c444410 code [0x000001792c444660, 0x000001792c4450e8]
Event: 4.945 Thread 0x0000017945c427e0 1536       3       processing.opengl.PShader::contextIsOutdated (30 bytes)
Event: 4.945 Thread 0x0000017945c427e0 nmethod 1536 0x000001792c445390 code [0x000001792c445580, 0x000001792c445bd8]
Event: 4.977 Thread 0x0000017945c427e0 1538       1       jogamp.opengl.GLDrawableImpl::isRealized (5 bytes)
Event: 4.977 Thread 0x0000017945c427e0 nmethod 1538 0x000001793373f190 code [0x000001793373f320, 0x000001793373f3f8]
Event: 4.994 Thread 0x0000017945c427e0 1539       3       java.util.TaskQueue::isEmpty (13 bytes)
Event: 4.994 Thread 0x0000017945c427e0 nmethod 1539 0x000001792c445d90 code [0x000001792c445f20, 0x000001792c446098]
Event: 5.027 Thread 0x0000017945c427e0 1540       3       jogamp.opengl.gl4.GL4bcImpl::glGetString (68 bytes)
Event: 5.028 Thread 0x0000017945c427e0 nmethod 1540 0x000001792c446110 code [0x000001792c446400, 0x000001792c447448]
Event: 5.029 Thread 0x0000017945c427e0 1541       3       jogamp.opengl.GLContextImpl::isExtensionCacheInitialized (18 bytes)
Event: 5.029 Thread 0x0000017945c427e0 nmethod 1541 0x000001792c447990 code [0x000001792c447b40, 0x000001792c447cd8]

GC Heap History (2 events):
Event: 2.433 GC heap before
{Heap before GC invocations=0 (full 0):
 garbage-first heap   total 194560K, used 22528K [0x0000000743600000, 0x0000000800000000)
  region size 2048K, 11 young (22528K), 0 survivors (0K)
 Metaspace       used 18179K, committed 18432K, reserved 1073152K
  class space    used 1403K, committed 1536K, reserved 1048576K
}
Event: 2.440 GC heap after
{Heap after GC invocations=1 (full 0):
 garbage-first heap   total 194560K, used 2228K [0x0000000743600000, 0x0000000800000000)
  region size 2048K, 2 young (4096K), 2 survivors (4096K)
 Metaspace       used 18179K, committed 18432K, reserved 1073152K
  class space    used 1403K, committed 1536K, reserved 1048576K
}

Deoptimization events (20 events):
Event: 2.696 Thread 0x00000179466d04e0 DEOPT PACKING pc=0x00000179336f9a60 sp=0x00000005d41fe740
Event: 2.696 Thread 0x00000179466d04e0 DEOPT UNPACKING pc=0x000001792bc2f92e sp=0x00000005d41fe688 mode 2
Event: 2.707 Thread 0x00000179466d04e0 DEOPT PACKING pc=0x000001792c33bcdc sp=0x00000005d41fe7f0
Event: 2.707 Thread 0x00000179466d04e0 DEOPT UNPACKING pc=0x000001792bc2e77e sp=0x00000005d41fdc98 mode 0
Event: 2.764 Thread 0x0000017926eaaf40 Uncommon trap: trap_request=0xffffff45 fr.pc=0x00000179336ffb24 relative=0x0000000000000084
Event: 2.764 Thread 0x0000017926eaaf40 Uncommon trap: reason=unstable_if action=reinterpret pc=0x00000179336ffb24 method=java.lang.reflect.AccessibleObject.checkCanSetAccessible(Ljava/lang/Class;Ljava/lang/Class;Z)Z @ 30 c2
Event: 2.764 Thread 0x0000017926eaaf40 DEOPT PACKING pc=0x00000179336ffb24 sp=0x00000005d29fe0c0
Event: 2.764 Thread 0x0000017926eaaf40 DEOPT UNPACKING pc=0x000001792bc2f92e sp=0x00000005d29fe020 mode 2
Event: 2.921 Thread 0x0000017948211080 Uncommon trap: trap_request=0xffffff45 fr.pc=0x00000179336d1c58 relative=0x0000000000000338
Event: 2.921 Thread 0x0000017948211080 Uncommon trap: reason=unstable_if action=reinterpret pc=0x00000179336d1c58 method=java.lang.StringUTF16.compress([CI[BII)I @ 20 c2
Event: 2.921 Thread 0x0000017948211080 DEOPT PACKING pc=0x00000179336d1c58 sp=0x00000005d4dfd320
Event: 2.921 Thread 0x0000017948211080 DEOPT UNPACKING pc=0x000001792bc2f92e sp=0x00000005d4dfd2a0 mode 2
Event: 5.067 Thread 0x000001794820fb40 Uncommon trap: trap_request=0xffffff45 fr.pc=0x0000017933720e00 relative=0x0000000000000060
Event: 5.067 Thread 0x000001794820fb40 Uncommon trap: reason=unstable_if action=reinterpret pc=0x0000017933720e00 method=java.util.HashMap.keySet()Ljava/util/Set; @ 6 c2
Event: 5.067 Thread 0x000001794820fb40 DEOPT PACKING pc=0x0000017933720e00 sp=0x00000005d52ff320
Event: 5.067 Thread 0x000001794820fb40 DEOPT UNPACKING pc=0x000001792bc2f92e sp=0x00000005d52ff2b8 mode 2
Event: 5.067 Thread 0x00000179466d04e0 Uncommon trap: trap_request=0xffffff45 fr.pc=0x0000017933720420 relative=0x0000000000000200
Event: 5.067 Thread 0x00000179466d04e0 Uncommon trap: reason=unstable_if action=reinterpret pc=0x0000017933720420 method=java.util.HashMap$HashIterator.<init>(Ljava/util/HashMap;)V @ 38 c2
Event: 5.067 Thread 0x00000179466d04e0 DEOPT PACKING pc=0x0000017933720420 sp=0x00000005d41feae0
Event: 5.067 Thread 0x00000179466d04e0 DEOPT UNPACKING pc=0x000001792bc2f92e sp=0x00000005d41fea98 mode 2

Classes unloaded (0 events):
No events

Classes redefined (0 events):
No events

Internal exceptions (20 events):
Event: 0.208 Thread 0x0000017926eaaf40 Exception <a 'java/io/FileNotFoundException'{0x000000074f0beab8}> (0x000000074f0beab8) 
thrown [t:\workspace\open\src\hotspot\share\prims\jni.cpp, line 579]
Event: 0.215 Thread 0x0000017926eaaf40 Exception <a 'java/io/FileNotFoundException'{0x000000074f0ed3b0}> (0x000000074f0ed3b0) 
thrown [t:\workspace\open\src\hotspot\share\prims\jni.cpp, line 579]
Event: 0.215 Thread 0x0000017926eaaf40 Exception <a 'java/lang/NoSuchMethodError'{0x000000074f0ee668}: 'java.lang.Object java.lang.invoke.DirectMethodHandle$Holder.invokeStatic(java.lang.Object)'> (0x000000074f0ee668) 
thrown [t:\workspace\open\src\hotspot\share\interpreter\linkResolver.cpp, line 790]
Event: 0.224 Thread 0x0000017926eaaf40 Exception <a 'java/lang/NoSuchMethodError'{0x000000074f0f8588}: 'void java.lang.invoke.DirectMethodHandle$Holder.invokeSpecial(java.lang.Object, java.lang.Object, java.lang.Object)'> (0x000000074f0f8588) 
thrown [t:\workspace\open\src\hotspot\share\interpreter\linkResolver.cpp, line 790]
Event: 0.266 Thread 0x0000017926eaaf40 Exception <a 'java/lang/NoSuchMethodError'{0x000000074f16e6e8}: 'java.lang.Object java.lang.invoke.DirectMethodHandle$Holder.invokeStaticInit(java.lang.Object)'> (0x000000074f16e6e8) 
thrown [t:\workspace\open\src\hotspot\share\interpreter\linkResolver.cpp, line 790]
Event: 0.354 Thread 0x0000017926eaaf40 Exception <a 'java/lang/NoSuchMethodError'{0x000000074ed48cc8}: 'java.lang.Object java.lang.invoke.DirectMethodHandle$Holder.invokeInterface(java.lang.Object, java.lang.Object)'> (0x000000074ed48cc8) 
thrown [t:\workspace\open\src\hotspot\share\interpreter\linkResolver.cpp, line 790]
Event: 0.354 Thread 0x0000017926eaaf40 Exception <a 'java/lang/IncompatibleClassChangeError'{0x000000074ed4c6c0}: Found class java.lang.Object, but interface was expected> (0x000000074ed4c6c0) 
thrown [t:\workspace\open\src\hotspot\share\interpreter\linkResolver.cpp, line 857]
Event: 0.384 Thread 0x0000017926eaaf40 Exception <a 'java/lang/NoSuchMethodError'{0x000000074ea26180}: 'java.lang.Object java.lang.invoke.DirectMethodHandle$Holder.invokeStaticInit(java.lang.Object, int, int, int, int)'> (0x000000074ea26180) 
thrown [t:\workspace\open\src\hotspot\share\interpreter\linkResolver.cpp, line 790]
Event: 0.423 Thread 0x0000017926eaaf40 Exception <a 'java/lang/NoSuchMethodError'{0x000000074eae3050}: 'java.lang.Object java.lang.invoke.DirectMethodHandle$Holder.invokeStaticInit(java.lang.Object, java.lang.Object, int, int, int, int)'> (0x000000074eae3050) 
thrown [t:\workspace\open\src\hotspot\share\interpreter\linkResolver.cpp, line 790]
Event: 0.512 Thread 0x0000017926eaaf40 Exception <a 'java/lang/NoSuchMethodError'{0x000000074eb01120}: 'void java.lang.invoke.DirectMethodHandle$Holder.invokeStatic(java.lang.Object, long)'> (0x000000074eb01120) 
thrown [t:\workspace\open\src\hotspot\share\interpreter\linkResolver.cpp, line 790]
Event: 0.513 Thread 0x0000017926eaaf40 Exception <a 'java/lang/NoSuchMethodError'{0x000000074eb06930}: 'java.lang.Object java.lang.invoke.DirectMethodHandle$Holder.newInvokeSpecial(java.lang.Object, long)'> (0x000000074eb06930) 
thrown [t:\workspace\open\src\hotspot\share\interpreter\linkResolver.cpp, line 790]
Event: 0.514 Thread 0x0000017926eaaf40 Exception <a 'java/lang/NoSuchMethodError'{0x000000074eb0db70}: 'java.lang.Object java.lang.invoke.DirectMethodHandle$Holder.invokeStatic(java.lang.Object, java.lang.Object, long, java.lang.Object)'> (0x000000074eb0db70) 
thrown [t:\workspace\open\src\hotspot\share\interpreter\linkResolver.cpp, line 790]
Event: 0.515 Thread 0x0000017926eaaf40 Exception <a 'java/lang/NoSuchMethodError'{0x000000074eb11810}: 'java.lang.Object java.lang.invoke.DirectMethodHandle$Holder.invokeStaticInit(java.lang.Object, java.lang.Object, long, java.lang.Object)'> (0x000000074eb11810) 
thrown [t:\workspace\open\src\hotspot\share\interpreter\linkResolver.cpp, line 790]
Event: 0.515 Thread 0x0000017926eaaf40 Exception <a 'java/lang/NoSuchMethodError'{0x000000074eb18120}: 'java.lang.Object java.lang.invoke.DirectMethodHandle$Holder.newInvokeSpecial(java.lang.Object, java.lang.Object, long)'> (0x000000074eb18120) 
thrown [t:\workspace\open\src\hotspot\share\interpreter\linkResolver.cpp, line 790]
Event: 0.516 Thread 0x0000017926eaaf40 Exception <a 'java/lang/NoSuchMethodError'{0x000000074eb1be90}: 'java.lang.Object java.lang.invoke.Invokers$Holder.linkToTargetMethod(java.lang.Object, long, java.lang.Object)'> (0x000000074eb1be90) 
thrown [t:\workspace\open\src\hotspot\share\interpreter\linkResolver.cpp, line 790]
Event: 2.767 Thread 0x0000017926eaaf40 Exception <a 'java/lang/NoSuchMethodError'{0x000000074e417ac8}: 'void java.lang.invoke.DirectMethodHandle$Holder.invokeSpecial(java.lang.Object, java.lang.Object, java.lang.Object, java.lang.Object, java.lang.Object)'> (0x000000074e417ac8) 
thrown [t:\workspace\open\src\hotspot\share\interpreter\linkResolver.cpp, line 790]
Event: 2.769 Thread 0x0000017926eaaf40 Exception <a 'java/lang/NoSuchMethodError'{0x000000074e426fa0}: 'void java.lang.invoke.DirectMethodHandle$Holder.invokeSpecial(java.lang.Object, java.lang.Object, int)'> (0x000000074e426fa0) 
thrown [t:\workspace\open\src\hotspot\share\interpreter\linkResolver.cpp, line 790]
Event: 2.770 Thread 0x0000017926eaaf40 Exception <a 'java/lang/NoSuchMethodError'{0x000000074e42d240}: 'java.lang.Object java.lang.invoke.DirectMethodHandle$Holder.newInvokeSpecial(java.lang.Object, java.lang.Object, int)'> (0x000000074e42d240) 
thrown [t:\workspace\open\src\hotspot\share\interpreter\linkResolver.cpp, line 790]
Event: 2.878 Thread 0x0000017948212070 Exception <a 'java/lang/NoSuchMethodError'{0x000000074e571530}: 'java.lang.Object java.lang.invoke.DirectMethodHandle$Holder.newInvokeSpecial(java.lang.Object, java.lang.Object, java.lang.Object, int, int, int, int, int)'> (0x000000074e571530) 
thrown [t:\workspace\open\src\hotspot\share\interpreter\linkResolver.cpp, line 790]
Event: 5.046 Thread 0x000001794820fb40 Exception <a 'java/lang/InterruptedException'{0x000000074e19f680}> (0x000000074e19f680) 
thrown [t:\workspace\open\src\hotspot\share\runtime\objectMonitor.cpp, line 1705]

Events (20 events):
Event: 5.046 Thread 0x000001794820fb40 Thread exited: 0x000001794820fb40
Event: 5.046 Thread 0x00000179482125c0 Thread added: 0x00000179482125c0
Event: 5.046 Thread 0x000001794820fb40 Thread added: 0x000001794820fb40
Event: 5.046 Thread 0x00000179482115d0 Thread added: 0x00000179482115d0
Event: 5.046 Thread 0x0000017948210090 Thread added: 0x0000017948210090
Event: 5.046 loading class sun/font/SunFontManager$8$1
Event: 5.046 loading class java/nio/channels/ClosedChannelException
Event: 5.046 loading class java/nio/channels/ClosedChannelException done
Event: 5.046 loading class sun/font/SunFontManager$8$1 done
Event: 5.046 Thread 0x00000179482125c0 Thread exited: 0x00000179482125c0
Event: 5.047 Thread 0x00000179482105e0 Thread added: 0x00000179482105e0
Event: 5.047 Thread 0x000001794668e030 Thread exited: 0x000001794668e030
Event: 5.047 Thread 0x00000179482115d0 Thread exited: 0x00000179482115d0
Event: 5.049 Thread 0x00000179460f2c60 Thread exited: 0x00000179460f2c60
Event: 5.053 Executing  VM operation: Cleanup
Event: 5.053 Executing  VM operation: Cleanup done
Event: 5.074 Thread 0x00000179466d04e0 Thread exited: 0x00000179466d04e0
Event: 5.078 Thread 0x000001794820fb40 Thread exited: 0x000001794820fb40
Event: 5.148 Thread 0x0000017948210090 Thread exited: 0x0000017948210090
Event: 5.148 Executing  VM operation: Exit


Dynamic libraries:
0x00007ff7654b0000 - 0x00007ff7654be000 	C:\Users\irisc\.p2\pool\plugins\org.eclipse.justj.openjdk.hotspot.jre.full.win32.x86_64_16.0.2.v20210721-1149\jre\bin\javaw.exe
0x00007ffd348b0000 - 0x00007ffd34ac7000 	C:\WINDOWS\SYSTEM32\ntdll.dll
0x00007ffd342b0000 - 0x00007ffd34374000 	C:\WINDOWS\System32\KERNEL32.DLL
0x00007ffd31cc0000 - 0x00007ffd32066000 	C:\WINDOWS\System32\KERNELBASE.dll
0x00007ffd2b860000 - 0x00007ffd2b8f7000 	C:\WINDOWS\SYSTEM32\apphelp.dll
0x00007ffd320f0000 - 0x00007ffd32201000 	C:\WINDOWS\System32\ucrtbase.dll
0x00007ffd23460000 - 0x00007ffd23478000 	C:\Users\irisc\.p2\pool\plugins\org.eclipse.justj.openjdk.hotspot.jre.full.win32.x86_64_16.0.2.v20210721-1149\jre\bin\jli.dll
0x00007ffd23440000 - 0x00007ffd23459000 	C:\Users\irisc\.p2\pool\plugins\org.eclipse.justj.openjdk.hotspot.jre.full.win32.x86_64_16.0.2.v20210721-1149\jre\bin\VCRUNTIME140.dll
0x00007ffd339d0000 - 0x00007ffd33b7e000 	C:\WINDOWS\System32\USER32.dll
0x00007ffd32560000 - 0x00007ffd32586000 	C:\WINDOWS\System32\win32u.dll
0x00007ffd33930000 - 0x00007ffd33959000 	C:\WINDOWS\System32\GDI32.dll
0x00007ffd32210000 - 0x00007ffd32328000 	C:\WINDOWS\System32\gdi32full.dll
0x00007ffd31c20000 - 0x00007ffd31cba000 	C:\WINDOWS\System32\msvcp_win.dll
0x00007ffd0f520000 - 0x00007ffd0f7b3000 	C:\WINDOWS\WinSxS\amd64_microsoft.windows.common-controls_6595b64144ccf1df_6.0.22621.2506_none_270c5ae97388e100\COMCTL32.dll
0x00007ffd335a0000 - 0x00007ffd33647000 	C:\WINDOWS\System32\msvcrt.dll
0x00007ffd33d40000 - 0x00007ffd33d71000 	C:\WINDOWS\System32\IMM32.DLL
0x00007ffd26680000 - 0x00007ffd2668c000 	C:\Users\irisc\.p2\pool\plugins\org.eclipse.justj.openjdk.hotspot.jre.full.win32.x86_64_16.0.2.v20210721-1149\jre\bin\vcruntime140_1.dll
0x00007ffd10f80000 - 0x00007ffd11011000 	C:\Users\irisc\.p2\pool\plugins\org.eclipse.justj.openjdk.hotspot.jre.full.win32.x86_64_16.0.2.v20210721-1149\jre\bin\msvcp140.dll
0x00007ffcdc220000 - 0x00007ffcdcdcb000 	C:\Users\irisc\.p2\pool\plugins\org.eclipse.justj.openjdk.hotspot.jre.full.win32.x86_64_16.0.2.v20210721-1149\jre\bin\server\jvm.dll
0x00007ffd33650000 - 0x00007ffd33701000 	C:\WINDOWS\System32\ADVAPI32.dll
0x00007ffd32b60000 - 0x00007ffd32c05000 	C:\WINDOWS\System32\sechost.dll
0x00007ffd33730000 - 0x00007ffd33847000 	C:\WINDOWS\System32\RPCRT4.dll
0x00007ffd33590000 - 0x00007ffd33598000 	C:\WINDOWS\System32\PSAPI.DLL
0x00007ffd288a0000 - 0x00007ffd288a9000 	C:\WINDOWS\SYSTEM32\WSOCK32.dll
0x00007ffd345f0000 - 0x00007ffd34661000 	C:\WINDOWS\System32\WS2_32.dll
0x00007ffd25b10000 - 0x00007ffd25b1a000 	C:\WINDOWS\SYSTEM32\VERSION.dll
0x00007ffd26e60000 - 0x00007ffd26e94000 	C:\WINDOWS\SYSTEM32\WINMM.dll
0x00007ffd30c20000 - 0x00007ffd30c38000 	C:\WINDOWS\SYSTEM32\kernel.appcore.dll
0x00007ffd23430000 - 0x00007ffd2343a000 	C:\Users\irisc\.p2\pool\plugins\org.eclipse.justj.openjdk.hotspot.jre.full.win32.x86_64_16.0.2.v20210721-1149\jre\bin\jimage.dll
0x00007ffd2c680000 - 0x00007ffd2c8b3000 	C:\WINDOWS\SYSTEM32\DBGHELP.DLL
0x00007ffd33f20000 - 0x00007ffd342a9000 	C:\WINDOWS\System32\combase.dll
0x00007ffd33850000 - 0x00007ffd33927000 	C:\WINDOWS\System32\OLEAUT32.dll
0x00007ffd08e30000 - 0x00007ffd08e62000 	C:\WINDOWS\SYSTEM32\dbgcore.DLL
0x00007ffd32070000 - 0x00007ffd320ea000 	C:\WINDOWS\System32\bcryptPrimitives.dll
0x00007ffd11200000 - 0x00007ffd11225000 	C:\Users\irisc\.p2\pool\plugins\org.eclipse.justj.openjdk.hotspot.jre.full.win32.x86_64_16.0.2.v20210721-1149\jre\bin\java.dll
0x00007ffd1ed60000 - 0x00007ffd1ed78000 	C:\Users\irisc\.p2\pool\plugins\org.eclipse.justj.openjdk.hotspot.jre.full.win32.x86_64_16.0.2.v20210721-1149\jre\bin\zip.dll
0x00007ffd32c30000 - 0x00007ffd3348a000 	C:\WINDOWS\System32\SHELL32.dll
0x00007ffd2fb10000 - 0x00007ffd30406000 	C:\WINDOWS\SYSTEM32\windows.storage.dll
0x00007ffd2c8c0000 - 0x00007ffd2c9fe000 	C:\WINDOWS\SYSTEM32\wintypes.dll
0x00007ffd33490000 - 0x00007ffd33583000 	C:\WINDOWS\System32\SHCORE.dll
0x00007ffd34580000 - 0x00007ffd345de000 	C:\WINDOWS\System32\shlwapi.dll
0x00007ffd31b50000 - 0x00007ffd31b76000 	C:\WINDOWS\SYSTEM32\profapi.dll
0x00007ffd14080000 - 0x00007ffd14099000 	C:\Users\irisc\.p2\pool\plugins\org.eclipse.justj.openjdk.hotspot.jre.full.win32.x86_64_16.0.2.v20210721-1149\jre\bin\net.dll
0x00007ffd26b00000 - 0x00007ffd26c37000 	C:\WINDOWS\SYSTEM32\WINHTTP.dll
0x00007ffd310a0000 - 0x00007ffd31109000 	C:\WINDOWS\system32\mswsock.dll
0x00007ffd111e0000 - 0x00007ffd111f3000 	C:\Users\irisc\.p2\pool\plugins\org.eclipse.justj.openjdk.hotspot.jre.full.win32.x86_64_16.0.2.v20210721-1149\jre\bin\nio.dll
0x00007ffd07970000 - 0x00007ffd07aef000 	C:\Users\irisc\.p2\pool\plugins\org.eclipse.justj.openjdk.hotspot.jre.full.win32.x86_64_16.0.2.v20210721-1149\jre\bin\awt.dll
0x00007ffd2bc10000 - 0x00007ffd2bcbb000 	C:\WINDOWS\system32\uxtheme.dll
0x00007ffd34380000 - 0x00007ffd344d0000 	C:\WINDOWS\System32\MSCTF.dll
0x00007ffd33d80000 - 0x00007ffd33f20000 	C:\WINDOWS\System32\ole32.dll
0x00007ffd2c070000 - 0x00007ffd2c09b000 	C:\WINDOWS\system32\DWMAPI.DLL
0x00007ffd13e60000 - 0x00007ffd13f60000 	C:\WINDOWS\system32\opengl32.dll
0x00007ffd27700000 - 0x00007ffd2772d000 	C:\WINDOWS\SYSTEM32\GLU32.dll
0x00007ffd2bd50000 - 0x00007ffd2bd86000 	C:\WINDOWS\SYSTEM32\dxcore.dll
0x00007ffd31300000 - 0x00007ffd3131b000 	C:\WINDOWS\SYSTEM32\CRYPTSP.dll
0x00007ffd30b80000 - 0x00007ffd30bb5000 	C:\WINDOWS\system32\rsaenh.dll
0x00007ffd31190000 - 0x00007ffd311bc000 	C:\WINDOWS\SYSTEM32\USERENV.dll
0x00007ffd314e0000 - 0x00007ffd31508000 	C:\WINDOWS\SYSTEM32\bcrypt.dll
0x00007ffd312f0000 - 0x00007ffd312fc000 	C:\WINDOWS\SYSTEM32\CRYPTBASE.dll
0x00007ffd306e0000 - 0x00007ffd3070d000 	C:\WINDOWS\SYSTEM32\IPHLPAPI.DLL
0x00007ffd33720000 - 0x00007ffd33729000 	C:\WINDOWS\System32\NSI.dll
0x00007ffd26aa0000 - 0x00007ffd26ab9000 	C:\WINDOWS\SYSTEM32\dhcpcsvc6.DLL
0x00007ffd26860000 - 0x00007ffd2687f000 	C:\WINDOWS\SYSTEM32\dhcpcsvc.DLL
0x00007ffd30760000 - 0x00007ffd30859000 	C:\WINDOWS\SYSTEM32\DNSAPI.dll
0x00000000637c0000 - 0x00000000637cd000 	C:\Users\irisc\AppData\Local\Temp\jogamp_0000\file_cache\jln2838803391219142417\jln1947420220710356280\natives\windows-amd64\gluegen-rt.dll
0x00007ffd23420000 - 0x00007ffd23427000 	C:\Users\irisc\.p2\pool\plugins\org.eclipse.justj.openjdk.hotspot.jre.full.win32.x86_64_16.0.2.v20210721-1149\jre\bin\jawt.dll
0x000000006a440000 - 0x000000006a44d000 	C:\Users\irisc\AppData\Local\Temp\jogamp_0000\file_cache\jln2838803391219142417\jln1947420220710356280\natives\windows-amd64\nativewindow_awt.dll
0x000000006c100000 - 0x000000006c10f000 	C:\Users\irisc\AppData\Local\Temp\jogamp_0000\file_cache\jln2838803391219142417\jln1947420220710356280\natives\windows-amd64\nativewindow_win32.dll
0x000000006cbc0000 - 0x000000006cbd3000 	C:\Users\irisc\AppData\Local\Temp\jogamp_0000\file_cache\jln2838803391219142417\jln1947420220710356280\natives\windows-amd64\newt.dll
0x00007ffd288c0000 - 0x00007ffd2897c000 	C:\WINDOWS\SYSTEM32\mscms.dll
0x00007ffce95a0000 - 0x00007ffce95e9000 	C:\WINDOWS\SYSTEM32\icm32.dll
0x00007ffd32600000 - 0x00007ffd32a74000 	C:\WINDOWS\System32\setupapi.dll
0x00007ffd317f0000 - 0x00007ffd3181c000 	C:\WINDOWS\SYSTEM32\DEVOBJ.dll
0x00007ffd31820000 - 0x00007ffd3186e000 	C:\WINDOWS\SYSTEM32\cfgmgr32.dll
0x00007ffd32590000 - 0x00007ffd325fb000 	C:\WINDOWS\System32\WINTRUST.dll
0x00007ffd323f0000 - 0x00007ffd32556000 	C:\WINDOWS\System32\CRYPT32.dll
0x00007ffd31350000 - 0x00007ffd31362000 	C:\WINDOWS\SYSTEM32\MSASN1.dll
0x0000000064500000 - 0x00000000645b1000 	C:\Users\irisc\AppData\Local\Temp\jogamp_0000\file_cache\jln2838803391219142417\jln1947420220710356280\natives\windows-amd64\jogl_desktop.dll
0x0000000064340000 - 0x00000000643a2000 	C:\Users\irisc\AppData\Local\Temp\jogamp_0000\file_cache\jln2838803391219142417\jln1947420220710356280\natives\windows-amd64\jogl_mobile.dll
0x00007ffd22d80000 - 0x00007ffd22dca000 	C:\WINDOWS\SYSTEM32\directxdatabasehelper.dll
0x00007ffd344d0000 - 0x00007ffd34580000 	C:\WINDOWS\System32\clbcatq.dll
0x00007ffcdb210000 - 0x00007ffcdc217000 	C:\WINDOWS\System32\DriverStore\FileRepository\iigd_dch.inf_amd64_da9e7901301fc70a\ig11icd64.dll
0x00007ffd2be70000 - 0x00007ffd2bf68000 	C:\WINDOWS\system32\dxgi.dll
0x00007ffd1bf00000 - 0x00007ffd1c13f000 	C:\WINDOWS\System32\DriverStore\FileRepository\iigd_dch.inf_amd64_da9e7901301fc70a\igdgmm64.dll
0x00007ffce48a0000 - 0x00007ffce4cb5000 	C:\WINDOWS\System32\DriverStore\FileRepository\iigd_dch.inf_amd64_da9e7901301fc70a\igdml64.dll
0x00007ffd18fe0000 - 0x00007ffd1bc42000 	C:\WINDOWS\System32\DriverStore\FileRepository\iigd_dch.inf_amd64_da9e7901301fc70a\igc64.dll
0x00007ffd31af0000 - 0x00007ffd31b3d000 	C:\WINDOWS\SYSTEM32\powrprof.dll
0x00007ffd31ad0000 - 0x00007ffd31ae3000 	C:\WINDOWS\SYSTEM32\UMPDC.dll
0x00007ffd229e0000 - 0x00007ffd22b2a000 	C:\WINDOWS\SYSTEM32\textinputframework.dll
0x00007ffd2b070000 - 0x00007ffd2b1a3000 	C:\WINDOWS\SYSTEM32\CoreMessaging.dll
0x00007ffd24ba0000 - 0x00007ffd24f0c000 	C:\WINDOWS\SYSTEM32\CoreUIComponents.dll
0x00007ffd02270000 - 0x00007ffd022d9000 	C:\WINDOWS\system32\Oleacc.dll
0x00007ffd10790000 - 0x00007ffd10819000 	C:\Users\irisc\.p2\pool\plugins\org.eclipse.justj.openjdk.hotspot.jre.full.win32.x86_64_16.0.2.v20210721-1149\jre\bin\freetype.dll
0x00007ffd080d0000 - 0x00007ffd081c6000 	C:\Users\irisc\.p2\pool\plugins\org.eclipse.justj.openjdk.hotspot.jre.full.win32.x86_64_16.0.2.v20210721-1149\jre\bin\harfbuzz.dll
0x00007ffd10f60000 - 0x00007ffd10f72000 	C:\Users\irisc\.p2\pool\plugins\org.eclipse.justj.openjdk.hotspot.jre.full.win32.x86_64_16.0.2.v20210721-1149\jre\bin\fontmanager.dll

dbghelp: loaded successfully - version: 4.0.5 - missing functions: none
symbol engine: initialized successfully - sym options: 0x614 - pdb path: .;C:\Users\irisc\.p2\pool\plugins\org.eclipse.justj.openjdk.hotspot.jre.full.win32.x86_64_16.0.2.v20210721-1149\jre\bin;C:\WINDOWS\SYSTEM32;C:\WINDOWS\WinSxS\amd64_microsoft.windows.common-controls_6595b64144ccf1df_6.0.22621.2506_none_270c5ae97388e100;C:\Users\irisc\.p2\pool\plugins\org.eclipse.justj.openjdk.hotspot.jre.full.win32.x86_64_16.0.2.v20210721-1149\jre\bin\server;C:\Users\irisc\AppData\Local\Temp\jogamp_0000\file_cache\jln2838803391219142417\jln1947420220710356280\natives\windows-amd64;C:\WINDOWS\System32\DriverStore\FileRepository\iigd_dch.inf_amd64_da9e7901301fc70a

VM Arguments:
jvm_args: -Dfile.encoding=windows-1252 -Dstdout.encoding=windows-1252 -Dstderr.encoding=windows-1252 -XX:+ShowCodeDetailsInExceptionMessages 
java_command: render.Main
java_class_path (initial): C:\Users\irisc\OneDrive\Documents\GitHub\codebuds\bin;C:\Users\irisc\OneDrive\Documents\GitHub\codebuds\lib\processing_core.jar;C:\Users\irisc\OneDrive\Documents\GitHub\codebuds\lib\jogl\jogl-all.jar;C:\Users\irisc\OneDrive\Documents\GitHub\codebuds\lib\jogl\gluegen-rt.jar;C:\Users\irisc\OneDrive\Documents\GitHub\codebuds\lib\jogl\jogl-all-natives-windows-amd64.jar;C:\Users\irisc\OneDrive\Documents\GitHub\codebuds\lib\jogl\gluegen-rt-natives-macosx-universal.jar;C:\Users\irisc\OneDrive\Documents\GitHub\codebuds\lib\jogl\jogl-all-natives-macosx-universal.jar
Launcher Type: SUN_STANDARD

[Global flags]
     intx CICompilerCount                          = 4                                         {product} {ergonomic}
     uint ConcGCThreads                            = 2                                         {product} {ergonomic}
     uint G1ConcRefinementThreads                  = 8                                         {product} {ergonomic}
   size_t G1HeapRegionSize                         = 2097152                                   {product} {ergonomic}
    uintx GCDrainStackTargetSize                   = 64                                        {product} {ergonomic}
   size_t InitialHeapSize                          = 199229440                                 {product} {ergonomic}
   size_t MarkStackSize                            = 4194304                                   {product} {ergonomic}
   size_t MaxHeapSize                              = 3164602368                                {product} {ergonomic}
   size_t MaxNewSize                               = 1897922560                                {product} {ergonomic}
   size_t MinHeapDeltaBytes                        = 2097152                                   {product} {ergonomic}
   size_t MinHeapSize                              = 8388608                                   {product} {ergonomic}
    uintx NonNMethodCodeHeapSize                   = 5839372                                {pd product} {ergonomic}
    uintx NonProfiledCodeHeapSize                  = 122909434                              {pd product} {ergonomic}
    uintx ProfiledCodeHeapSize                     = 122909434                              {pd product} {ergonomic}
    uintx ReservedCodeCacheSize                    = 251658240                              {pd product} {ergonomic}
     bool SegmentedCodeCache                       = true                                      {product} {ergonomic}
     bool ShowCodeDetailsInExceptionMessages       = true                                   {manageable} {command line}
   size_t SoftMaxHeapSize                          = 3164602368                             {manageable} {ergonomic}
     bool UseCompressedClassPointers               = true                           {product lp64_product} {ergonomic}
     bool UseCompressedOops                        = true                           {product lp64_product} {ergonomic}
     bool UseG1GC                                  = true                                      {product} {ergonomic}
     bool UseLargePagesIndividualAllocation        = false                                  {pd product} {ergonomic}

Logging:
Log output configuration:
 #0: stdout all=off uptime,level,tags
 #1: stderr all=off uptime,level,tags

Environment Variables:
PATH=C:/Users/irisc/.p2/pool/plugins/org.eclipse.justj.openjdk.hotspot.jre.full.win32.x86_64_17.0.9.v20231028-0858/jre/bin/server;C:/Users/irisc/.p2/pool/plugins/org.eclipse.justj.openjdk.hotspot.jre.full.win32.x86_64_17.0.9.v20231028-0858/jre/bin;C:\Program Files\Common Files\Oracle\Java\javapath;C:\Program Files (x86)\Common Files\Oracle\Java\javapath;C:\WINDOWS\system32;C:\WINDOWS;C:\WINDOWS\System32\Wbem;C:\WINDOWS\System32\WindowsPowerShell\v1.0\;C:\WINDOWS\System32\OpenSSH\;C:\Program Files\dotnet\;C:\Program Files\MATLAB\R2023b\bin;C:\Users\irisc\AppData\Local\Programs\Python\Python310\Scripts\;C:\Users\irisc\AppData\Local\Programs\Python\Python310\;C:\Users\irisc\AppData\Local\Programs\Python\Python39\Scripts\;C:\Users\irisc\AppData\Local\Programs\Python\Python39\;C:\Users\irisc\AppData\Local\Microsoft\WindowsApps;C:\Users\irisc\.dotnet\tools;C:\Users\irisc\AppData\Local\Programs\Microsoft VS Code\bin;C:\MinGW\bin;C:\Users\irisc\AppData\Local\GitHubDesktop\bin;C:\Program Files\Java\jdk1.8.0_261\bin;;C:\Users\irisc\OneDrive\Desktop;
USERNAME=irisc
OS=Windows_NT
PROCESSOR_IDENTIFIER=Intel64 Family 6 Model 126 Stepping 5, GenuineIntel



---------------  S Y S T E M  ---------------

OS:
 Windows 10 , 64 bit Build 22621 (10.0.22621.2506)
OS uptime: 3 days 6:13 hours

CPU: total 8 (initial active 8) (4 cores per cpu, 2 threads per core) family 6 model 126 stepping 5 microcode 0xa0, cx8, cmov, fxsr, ht, mmx, 3dnowpref, sse, sse2, sse3, ssse3, sse4.1, sse4.2, popcnt, lzcnt, tsc, tscinvbit, avx, avx2, aes, erms, clmul, bmi1, bmi2, adx, avx512f, avx512dq, avx512cd, avx512bw, avx512vl, sha, fma, vzeroupper, avx512_vpopcntdq, avx512_vpclmulqdq, avx512_vaes, avx512_vnni, clflush, clflushopt, avx512_vmbi2, avx512_vmbi

Memory: 4k page, system-wide physical 12065M (2935M free)
TotalPageFile size 13921M (AvailPageFile size 1815M)
current process WorkingSet (physical memory assigned to process): 238M, peak: 245M
current process commit charge ("private bytes"): 421M, peak: 427M

vm_info: OpenJDK 64-Bit Server VM (16.0.2+7-67) for windows-amd64 JRE (16.0.2+7-67), built on Jun  8 2021 23:21:43 by "mach5one" with MS VC++ 16.7 (VS2019)

END.
